f:\autumn 2020\university\3d computer graphics\assignment\aryanakbarpour_com3503_assignment\aryanakbarpour_anilampassignment\aryanakbarpour_anilampassignment\x64\debug\vc142.pdb
f:\autumn 2020\university\3d computer graphics\assignment\aryanakbarpour_com3503_assignment\aryanakbarpour_anilampassignment\aryanakbarpour_anilampassignment\x64\debug\vc142.idb
f:\autumn 2020\university\3d computer graphics\assignment\aryanakbarpour_com3503_assignment\aryanakbarpour_anilampassignment\aryanakbarpour_anilampassignment\x64\debug\glad.obj
f:\autumn 2020\university\3d computer graphics\assignment\aryanakbarpour_com3503_assignment\aryanakbarpour_anilampassignment\aryanakbarpour_anilampassignment\x64\debug\namenode.obj
f:\autumn 2020\university\3d computer graphics\assignment\aryanakbarpour_com3503_assignment\aryanakbarpour_anilampassignment\aryanakbarpour_anilampassignment\x64\debug\modelnode.obj
f:\autumn 2020\university\3d computer graphics\assignment\aryanakbarpour_com3503_assignment\aryanakbarpour_anilampassignment\aryanakbarpour_anilampassignment\x64\debug\model.obj
f:\autumn 2020\university\3d computer graphics\assignment\aryanakbarpour_com3503_assignment\aryanakbarpour_anilampassignment\aryanakbarpour_anilampassignment\x64\debug\meshlibrary.obj
f:\autumn 2020\university\3d computer graphics\assignment\aryanakbarpour_com3503_assignment\aryanakbarpour_anilampassignment\aryanakbarpour_anilampassignment\x64\debug\mesh.obj
f:\autumn 2020\university\3d computer graphics\assignment\aryanakbarpour_com3503_assignment\aryanakbarpour_anilampassignment\aryanakbarpour_anilampassignment\x64\debug\lightsystem.obj
f:\autumn 2020\university\3d computer graphics\assignment\aryanakbarpour_com3503_assignment\aryanakbarpour_anilampassignment\aryanakbarpour_anilampassignment\x64\debug\lightnode.obj
f:\autumn 2020\university\3d computer graphics\assignment\aryanakbarpour_com3503_assignment\aryanakbarpour_anilampassignment\aryanakbarpour_anilampassignment\x64\debug\light.obj
f:\autumn 2020\university\3d computer graphics\assignment\aryanakbarpour_com3503_assignment\aryanakbarpour_anilampassignment\aryanakbarpour_anilampassignment\x64\debug\lamp.obj
f:\autumn 2020\university\3d computer graphics\assignment\aryanakbarpour_com3503_assignment\aryanakbarpour_anilampassignment\aryanakbarpour_anilampassignment\x64\debug\imgui_widgets.obj
f:\autumn 2020\university\3d computer graphics\assignment\aryanakbarpour_com3503_assignment\aryanakbarpour_anilampassignment\aryanakbarpour_anilampassignment\x64\debug\imgui_impl_opengl3.obj
f:\autumn 2020\university\3d computer graphics\assignment\aryanakbarpour_com3503_assignment\aryanakbarpour_anilampassignment\aryanakbarpour_anilampassignment\x64\debug\imgui_impl_glfw.obj
f:\autumn 2020\university\3d computer graphics\assignment\aryanakbarpour_com3503_assignment\aryanakbarpour_anilampassignment\aryanakbarpour_anilampassignment\x64\debug\imgui_draw.obj
f:\autumn 2020\university\3d computer graphics\assignment\aryanakbarpour_com3503_assignment\aryanakbarpour_anilampassignment\aryanakbarpour_anilampassignment\x64\debug\imgui_demo.obj
f:\autumn 2020\university\3d computer graphics\assignment\aryanakbarpour_com3503_assignment\aryanakbarpour_anilampassignment\aryanakbarpour_anilampassignment\x64\debug\imgui.obj
f:\autumn 2020\university\3d computer graphics\assignment\aryanakbarpour_com3503_assignment\aryanakbarpour_anilampassignment\aryanakbarpour_anilampassignment\x64\debug\helicopter.obj
f:\autumn 2020\university\3d computer graphics\assignment\aryanakbarpour_com3503_assignment\aryanakbarpour_anilampassignment\aryanakbarpour_anilampassignment\x64\debug\directionallight.obj
f:\autumn 2020\university\3d computer graphics\assignment\aryanakbarpour_com3503_assignment\aryanakbarpour_anilampassignment\aryanakbarpour_anilampassignment\x64\debug\camera.obj
f:\autumn 2020\university\3d computer graphics\assignment\aryanakbarpour_com3503_assignment\aryanakbarpour_anilampassignment\aryanakbarpour_anilampassignment\x64\debug\board.obj
f:\autumn 2020\university\3d computer graphics\assignment\aryanakbarpour_com3503_assignment\aryanakbarpour_anilampassignment\aryanakbarpour_anilampassignment\x64\debug\anilamp.obj
f:\autumn 2020\university\3d computer graphics\assignment\aryanakbarpour_com3503_assignment\aryanakbarpour_anilampassignment\aryanakbarpour_anilampassignment\x64\debug\transformnode.obj
f:\autumn 2020\university\3d computer graphics\assignment\aryanakbarpour_com3503_assignment\aryanakbarpour_anilampassignment\aryanakbarpour_anilampassignment\x64\debug\texturelibrary.obj
f:\autumn 2020\university\3d computer graphics\assignment\aryanakbarpour_com3503_assignment\aryanakbarpour_anilampassignment\aryanakbarpour_anilampassignment\x64\debug\table.obj
f:\autumn 2020\university\3d computer graphics\assignment\aryanakbarpour_com3503_assignment\aryanakbarpour_anilampassignment\aryanakbarpour_anilampassignment\x64\debug\stbi_image.obj
f:\autumn 2020\university\3d computer graphics\assignment\aryanakbarpour_com3503_assignment\aryanakbarpour_anilampassignment\aryanakbarpour_anilampassignment\x64\debug\spotlight.obj
f:\autumn 2020\university\3d computer graphics\assignment\aryanakbarpour_com3503_assignment\aryanakbarpour_anilampassignment\aryanakbarpour_anilampassignment\x64\debug\skybox.obj
f:\autumn 2020\university\3d computer graphics\assignment\aryanakbarpour_com3503_assignment\aryanakbarpour_anilampassignment\aryanakbarpour_anilampassignment\x64\debug\shader.obj
f:\autumn 2020\university\3d computer graphics\assignment\aryanakbarpour_com3503_assignment\aryanakbarpour_anilampassignment\aryanakbarpour_anilampassignment\x64\debug\sgnode.obj
f:\autumn 2020\university\3d computer graphics\assignment\aryanakbarpour_com3503_assignment\aryanakbarpour_anilampassignment\aryanakbarpour_anilampassignment\x64\debug\room.obj
f:\autumn 2020\university\3d computer graphics\assignment\aryanakbarpour_com3503_assignment\aryanakbarpour_anilampassignment\aryanakbarpour_anilampassignment\x64\debug\pointlight.obj
f:\autumn 2020\university\3d computer graphics\assignment\aryanakbarpour_com3503_assignment\aryanakbarpour_anilampassignment\x64\debug\aryanakbarpour_anilampassignment.ilk
f:\autumn 2020\university\3d computer graphics\assignment\aryanakbarpour_com3503_assignment\aryanakbarpour_anilampassignment\x64\debug\aryanakbarpour_anilampassignment.exe
f:\autumn 2020\university\3d computer graphics\assignment\aryanakbarpour_com3503_assignment\aryanakbarpour_anilampassignment\x64\debug\aryanakbarpour_anilampassignment.pdb
f:\autumn 2020\university\3d computer graphics\assignment\aryanakbarpour_com3503_assignment\aryanakbarpour_anilampassignment\aryanakbarpour_anilampassignment\x64\debug\aryanakb.14620f7a.tlog\cl.command.1.tlog
f:\autumn 2020\university\3d computer graphics\assignment\aryanakbarpour_com3503_assignment\aryanakbarpour_anilampassignment\aryanakbarpour_anilampassignment\x64\debug\aryanakb.14620f7a.tlog\cl.read.1.tlog
f:\autumn 2020\university\3d computer graphics\assignment\aryanakbarpour_com3503_assignment\aryanakbarpour_anilampassignment\aryanakbarpour_anilampassignment\x64\debug\aryanakb.14620f7a.tlog\cl.write.1.tlog
f:\autumn 2020\university\3d computer graphics\assignment\aryanakbarpour_com3503_assignment\aryanakbarpour_anilampassignment\aryanakbarpour_anilampassignment\x64\debug\aryanakb.14620f7a.tlog\link.command.1.tlog
f:\autumn 2020\university\3d computer graphics\assignment\aryanakbarpour_com3503_assignment\aryanakbarpour_anilampassignment\aryanakbarpour_anilampassignment\x64\debug\aryanakb.14620f7a.tlog\link.read.1.tlog
f:\autumn 2020\university\3d computer graphics\assignment\aryanakbarpour_com3503_assignment\aryanakbarpour_anilampassignment\aryanakbarpour_anilampassignment\x64\debug\aryanakb.14620f7a.tlog\link.write.1.tlog
