f:\autumn 2020\university\3d computer graphics\assignment\aryanakbarpour_com3503_assignment\aryanakbarpour_anilampassignment\x64\release\aryanakbarpour_anilampassignment.ipdb
f:\autumn 2020\university\3d computer graphics\assignment\aryanakbarpour_com3503_assignment\aryanakbarpour_anilampassignment\x64\release\aryanakbarpour_anilampassignment.iobj
f:\autumn 2020\university\3d computer graphics\assignment\aryanakbarpour_com3503_assignment\aryanakbarpour_anilampassignment\aryanakbarpour_anilampassignment\x64\release\vc142.pdb
f:\autumn 2020\university\3d computer graphics\assignment\aryanakbarpour_com3503_assignment\aryanakbarpour_anilampassignment\aryanakbarpour_anilampassignment\x64\release\glad.obj
f:\autumn 2020\university\3d computer graphics\assignment\aryanakbarpour_com3503_assignment\aryanakbarpour_anilampassignment\aryanakbarpour_anilampassignment\x64\release\namenode.obj
f:\autumn 2020\university\3d computer graphics\assignment\aryanakbarpour_com3503_assignment\aryanakbarpour_anilampassignment\aryanakbarpour_anilampassignment\x64\release\modelnode.obj
f:\autumn 2020\university\3d computer graphics\assignment\aryanakbarpour_com3503_assignment\aryanakbarpour_anilampassignment\aryanakbarpour_anilampassignment\x64\release\model.obj
f:\autumn 2020\university\3d computer graphics\assignment\aryanakbarpour_com3503_assignment\aryanakbarpour_anilampassignment\aryanakbarpour_anilampassignment\x64\release\meshlibrary.obj
f:\autumn 2020\university\3d computer graphics\assignment\aryanakbarpour_com3503_assignment\aryanakbarpour_anilampassignment\aryanakbarpour_anilampassignment\x64\release\mesh.obj
f:\autumn 2020\university\3d computer graphics\assignment\aryanakbarpour_com3503_assignment\aryanakbarpour_anilampassignment\aryanakbarpour_anilampassignment\x64\release\lightsystem.obj
f:\autumn 2020\university\3d computer graphics\assignment\aryanakbarpour_com3503_assignment\aryanakbarpour_anilampassignment\aryanakbarpour_anilampassignment\x64\release\lightnode.obj
f:\autumn 2020\university\3d computer graphics\assignment\aryanakbarpour_com3503_assignment\aryanakbarpour_anilampassignment\aryanakbarpour_anilampassignment\x64\release\light.obj
f:\autumn 2020\university\3d computer graphics\assignment\aryanakbarpour_com3503_assignment\aryanakbarpour_anilampassignment\aryanakbarpour_anilampassignment\x64\release\lamp.obj
f:\autumn 2020\university\3d computer graphics\assignment\aryanakbarpour_com3503_assignment\aryanakbarpour_anilampassignment\aryanakbarpour_anilampassignment\x64\release\imgui_widgets.obj
f:\autumn 2020\university\3d computer graphics\assignment\aryanakbarpour_com3503_assignment\aryanakbarpour_anilampassignment\aryanakbarpour_anilampassignment\x64\release\imgui_impl_opengl3.obj
f:\autumn 2020\university\3d computer graphics\assignment\aryanakbarpour_com3503_assignment\aryanakbarpour_anilampassignment\aryanakbarpour_anilampassignment\x64\release\imgui_impl_glfw.obj
f:\autumn 2020\university\3d computer graphics\assignment\aryanakbarpour_com3503_assignment\aryanakbarpour_anilampassignment\aryanakbarpour_anilampassignment\x64\release\imgui_draw.obj
f:\autumn 2020\university\3d computer graphics\assignment\aryanakbarpour_com3503_assignment\aryanakbarpour_anilampassignment\aryanakbarpour_anilampassignment\x64\release\imgui_demo.obj
f:\autumn 2020\university\3d computer graphics\assignment\aryanakbarpour_com3503_assignment\aryanakbarpour_anilampassignment\aryanakbarpour_anilampassignment\x64\release\imgui.obj
f:\autumn 2020\university\3d computer graphics\assignment\aryanakbarpour_com3503_assignment\aryanakbarpour_anilampassignment\aryanakbarpour_anilampassignment\x64\release\helicopter.obj
f:\autumn 2020\university\3d computer graphics\assignment\aryanakbarpour_com3503_assignment\aryanakbarpour_anilampassignment\aryanakbarpour_anilampassignment\x64\release\directionallight.obj
f:\autumn 2020\university\3d computer graphics\assignment\aryanakbarpour_com3503_assignment\aryanakbarpour_anilampassignment\aryanakbarpour_anilampassignment\x64\release\camera.obj
f:\autumn 2020\university\3d computer graphics\assignment\aryanakbarpour_com3503_assignment\aryanakbarpour_anilampassignment\aryanakbarpour_anilampassignment\x64\release\board.obj
f:\autumn 2020\university\3d computer graphics\assignment\aryanakbarpour_com3503_assignment\aryanakbarpour_anilampassignment\aryanakbarpour_anilampassignment\x64\release\anilamp.obj
f:\autumn 2020\university\3d computer graphics\assignment\aryanakbarpour_com3503_assignment\aryanakbarpour_anilampassignment\aryanakbarpour_anilampassignment\x64\release\transformnode.obj
f:\autumn 2020\university\3d computer graphics\assignment\aryanakbarpour_com3503_assignment\aryanakbarpour_anilampassignment\aryanakbarpour_anilampassignment\x64\release\texturelibrary.obj
f:\autumn 2020\university\3d computer graphics\assignment\aryanakbarpour_com3503_assignment\aryanakbarpour_anilampassignment\aryanakbarpour_anilampassignment\x64\release\table.obj
f:\autumn 2020\university\3d computer graphics\assignment\aryanakbarpour_com3503_assignment\aryanakbarpour_anilampassignment\aryanakbarpour_anilampassignment\x64\release\stbi_image.obj
f:\autumn 2020\university\3d computer graphics\assignment\aryanakbarpour_com3503_assignment\aryanakbarpour_anilampassignment\aryanakbarpour_anilampassignment\x64\release\spotlight.obj
f:\autumn 2020\university\3d computer graphics\assignment\aryanakbarpour_com3503_assignment\aryanakbarpour_anilampassignment\aryanakbarpour_anilampassignment\x64\release\skybox.obj
f:\autumn 2020\university\3d computer graphics\assignment\aryanakbarpour_com3503_assignment\aryanakbarpour_anilampassignment\aryanakbarpour_anilampassignment\x64\release\shader.obj
f:\autumn 2020\university\3d computer graphics\assignment\aryanakbarpour_com3503_assignment\aryanakbarpour_anilampassignment\aryanakbarpour_anilampassignment\x64\release\sgnode.obj
f:\autumn 2020\university\3d computer graphics\assignment\aryanakbarpour_com3503_assignment\aryanakbarpour_anilampassignment\aryanakbarpour_anilampassignment\x64\release\room.obj
f:\autumn 2020\university\3d computer graphics\assignment\aryanakbarpour_com3503_assignment\aryanakbarpour_anilampassignment\aryanakbarpour_anilampassignment\x64\release\pointlight.obj
f:\autumn 2020\university\3d computer graphics\assignment\aryanakbarpour_com3503_assignment\aryanakbarpour_anilampassignment\x64\release\aryanakbarpour_anilampassignment.exe
f:\autumn 2020\university\3d computer graphics\assignment\aryanakbarpour_com3503_assignment\aryanakbarpour_anilampassignment\x64\release\aryanakbarpour_anilampassignment.pdb
f:\autumn 2020\university\3d computer graphics\assignment\aryanakbarpour_com3503_assignment\aryanakbarpour_anilampassignment\aryanakbarpour_anilampassignment\x64\release\aryanakb.14620f7a.tlog\aryanakbarpour_anilampassignment.write.1u.tlog
f:\autumn 2020\university\3d computer graphics\assignment\aryanakbarpour_com3503_assignment\aryanakbarpour_anilampassignment\aryanakbarpour_anilampassignment\x64\release\aryanakb.14620f7a.tlog\cl.command.1.tlog
f:\autumn 2020\university\3d computer graphics\assignment\aryanakbarpour_com3503_assignment\aryanakbarpour_anilampassignment\aryanakbarpour_anilampassignment\x64\release\aryanakb.14620f7a.tlog\cl.read.1.tlog
f:\autumn 2020\university\3d computer graphics\assignment\aryanakbarpour_com3503_assignment\aryanakbarpour_anilampassignment\aryanakbarpour_anilampassignment\x64\release\aryanakb.14620f7a.tlog\cl.write.1.tlog
f:\autumn 2020\university\3d computer graphics\assignment\aryanakbarpour_com3503_assignment\aryanakbarpour_anilampassignment\aryanakbarpour_anilampassignment\x64\release\aryanakb.14620f7a.tlog\link.command.1.tlog
f:\autumn 2020\university\3d computer graphics\assignment\aryanakbarpour_com3503_assignment\aryanakbarpour_anilampassignment\aryanakbarpour_anilampassignment\x64\release\aryanakb.14620f7a.tlog\link.read.1.tlog
f:\autumn 2020\university\3d computer graphics\assignment\aryanakbarpour_com3503_assignment\aryanakbarpour_anilampassignment\aryanakbarpour_anilampassignment\x64\release\aryanakb.14620f7a.tlog\link.write.1.tlog
